2019-03-20 22:36:16 INFO  Main:42 - ------------------------------------------------------------------------
2019-03-20 22:36:16 INFO  Main:43 - --                        Hascode Noobeclair                          --
2019-03-20 22:36:16 INFO  Main:44 - ------------------------------------------------------------------------
2019-03-20 22:36:16 INFO  Solver:102 - Solve Thread pool-2-thread-1 started
2019-03-20 22:36:16 INFO  Solver:45 - H2018Solver START : 2 cars, 3 rides, 10 turns Conf[ttfc=2.0,ntfct=EXP,ltfct=INV,ndfct=LINEAR,ldfct=LINEAR,nAt=1.0,nBt=0.0,nAd=1.1,nBd=0.0,lAt=1.5,lBt=0.0,lAd=1.5,lBd=0.0],  ({})
2019-03-20 22:36:17 INFO  Solver:102 - H2018Solver END, score : 4.  (Conf[ttfc=2.0,ntfct=EXP,ltfct=INV,ndfct=LINEAR,ldfct=LINEAR,nAt=1.0,nBt=0.0,nAd=1.1,nBd=0.0,lAt=1.5,lBt=0.0,lAd=1.5,lBd=0.0])
2019-03-20 22:36:17 INFO  Solver:95 - --Solve End (H2018Solver). Total Time : 0.015s --
2019-03-20 22:36:20 INFO  Solver:102 - Solve Thread pool-3-thread-1 started
2019-03-20 22:36:20 INFO  Solver:45 - H2018Solver START : 2 cars, 300 rides, 25000 turns Conf[ttfc=2.0,ntfct=EXP,ltfct=INV,ndfct=LINEAR,ldfct=LINEAR,nAt=1.0,nBt=0.0,nAd=1.1,nBd=0.0,lAt=1.5,lBt=0.0,lAd=1.5,lBd=0.0],  ({})
2019-03-20 22:36:20 INFO  Solver:102 - H2018Solver END, score : 25000.  (Conf[ttfc=2.0,ntfct=EXP,ltfct=INV,ndfct=LINEAR,ldfct=LINEAR,nAt=1.0,nBt=0.0,nAd=1.1,nBd=0.0,lAt=1.5,lBt=0.0,lAd=1.5,lBd=0.0])
2019-03-20 22:36:20 INFO  Solver:95 - --Solve End (H2018Solver). Total Time : 0.094s --
2019-03-20 22:36:23 INFO  Solver:102 - Solve Thread pool-4-thread-1 started
2019-03-20 22:36:23 INFO  Solver:45 - H2018Solver START : 2 cars, 10000 rides, 200000 turns Conf[ttfc=2.0,ntfct=EXP,ltfct=INV,ndfct=LINEAR,ldfct=LINEAR,nAt=1.0,nBt=0.0,nAd=1.1,nBd=0.0,lAt=1.5,lBt=0.0,lAd=1.5,lBd=0.0],  ({})
2019-03-20 22:36:23 INFO  Solver:102 - H2018Solver END, score : 200000.  (Conf[ttfc=2.0,ntfct=EXP,ltfct=INV,ndfct=LINEAR,ldfct=LINEAR,nAt=1.0,nBt=0.0,nAd=1.1,nBd=0.0,lAt=1.5,lBt=0.0,lAd=1.5,lBd=0.0])
2019-03-20 22:36:23 INFO  Solver:95 - --Solve End (H2018Solver). Total Time : 0.265s --
2019-03-20 22:36:26 INFO  Solver:102 - Solve Thread pool-5-thread-1 started
2019-03-20 22:36:26 INFO  Solver:45 - H2018Solver START : 2 cars, 10000 rides, 50000 turns Conf[ttfc=2.0,ntfct=EXP,ltfct=INV,ndfct=LINEAR,ldfct=LINEAR,nAt=1.0,nBt=0.0,nAd=1.1,nBd=0.0,lAt=1.5,lBt=0.0,lAd=1.5,lBd=0.0],  ({})
2019-03-20 22:36:26 INFO  Solver:102 - H2018Solver END, score : 50000.  (Conf[ttfc=2.0,ntfct=EXP,ltfct=INV,ndfct=LINEAR,ldfct=LINEAR,nAt=1.0,nBt=0.0,nAd=1.1,nBd=0.0,lAt=1.5,lBt=0.0,lAd=1.5,lBd=0.0])
2019-03-20 22:36:26 INFO  Solver:95 - --Solve End (H2018Solver). Total Time : 0.124s --
2019-03-20 22:36:29 INFO  Solver:102 - Solve Thread pool-6-thread-1 started
2019-03-20 22:36:29 INFO  Solver:45 - H2018Solver START : 2 cars, 10000 rides, 150000 turns Conf[ttfc=2.0,ntfct=EXP,ltfct=INV,ndfct=LINEAR,ldfct=LINEAR,nAt=1.0,nBt=0.0,nAd=1.1,nBd=0.0,lAt=1.5,lBt=0.0,lAd=1.5,lBd=0.0],  ({})
2019-03-20 22:36:29 INFO  Solver:102 - H2018Solver END, score : 150000.  (Conf[ttfc=2.0,ntfct=EXP,ltfct=INV,ndfct=LINEAR,ldfct=LINEAR,nAt=1.0,nBt=0.0,nAd=1.1,nBd=0.0,lAt=1.5,lBt=0.0,lAd=1.5,lBd=0.0])
2019-03-20 22:36:29 INFO  Solver:95 - --Solve End (H2018Solver). Total Time : 0.22s --
2019-03-20 22:36:32 INFO  Solver:102 - Solve Thread pool-7-thread-1 started
2019-03-20 22:36:32 INFO  Solver:45 - H2018Solver START : 2 cars, 3 rides, 10 turns Conf[ttfc=2.0,ntfct=EXP,ltfct=INV,ndfct=LINEAR,ldfct=LINEAR,nAt=1.0,nBt=0.0,nAd=1.1,nBd=0.0,lAt=1.5,lBt=0.0,lAd=1.5,lBd=0.0,st=[NEAR_FIRST]],  ({})
2019-03-20 22:36:32 INFO  Solver:102 - H2018Solver END, score : 4.  (Conf[ttfc=2.0,ntfct=EXP,ltfct=INV,ndfct=LINEAR,ldfct=LINEAR,nAt=1.0,nBt=0.0,nAd=1.1,nBd=0.0,lAt=1.5,lBt=0.0,lAd=1.5,lBd=0.0,st=[NEAR_FIRST]])
2019-03-20 22:36:32 INFO  Solver:95 - --Solve End (H2018Solver). Total Time : 0.042s --
2019-03-20 22:36:35 INFO  Solver:102 - Solve Thread pool-8-thread-1 started
2019-03-20 22:36:35 INFO  Solver:45 - H2018Solver START : 2 cars, 300 rides, 25000 turns Conf[ttfc=2.0,ntfct=EXP,ltfct=INV,ndfct=LINEAR,ldfct=LINEAR,nAt=1.0,nBt=0.0,nAd=1.1,nBd=0.0,lAt=1.5,lBt=0.0,lAd=1.5,lBd=0.0,st=[NEAR_FIRST]],  ({})
2019-03-20 22:36:35 INFO  Solver:102 - H2018Solver END, score : 25000.  (Conf[ttfc=2.0,ntfct=EXP,ltfct=INV,ndfct=LINEAR,ldfct=LINEAR,nAt=1.0,nBt=0.0,nAd=1.1,nBd=0.0,lAt=1.5,lBt=0.0,lAd=1.5,lBd=0.0,st=[NEAR_FIRST]])
2019-03-20 22:36:35 INFO  Solver:95 - --Solve End (H2018Solver). Total Time : 0.062s --
2019-03-20 22:36:38 INFO  Solver:102 - Solve Thread pool-9-thread-1 started
2019-03-20 22:36:38 INFO  Solver:45 - H2018Solver START : 2 cars, 10000 rides, 200000 turns Conf[ttfc=2.0,ntfct=EXP,ltfct=INV,ndfct=LINEAR,ldfct=LINEAR,nAt=1.0,nBt=0.0,nAd=1.1,nBd=0.0,lAt=1.5,lBt=0.0,lAd=1.5,lBd=0.0,st=[NEAR_FIRST]],  ({})
2019-03-20 22:36:39 INFO  Solver:102 - H2018Solver END, score : 200000.  (Conf[ttfc=2.0,ntfct=EXP,ltfct=INV,ndfct=LINEAR,ldfct=LINEAR,nAt=1.0,nBt=0.0,nAd=1.1,nBd=0.0,lAt=1.5,lBt=0.0,lAd=1.5,lBd=0.0,st=[NEAR_FIRST]])
2019-03-20 22:36:39 INFO  Solver:95 - --Solve End (H2018Solver). Total Time : 0.592s --
2019-03-20 22:36:42 INFO  Solver:102 - Solve Thread pool-10-thread-1 started
2019-03-20 22:36:42 INFO  Solver:45 - H2018Solver START : 2 cars, 10000 rides, 50000 turns Conf[ttfc=2.0,ntfct=EXP,ltfct=INV,ndfct=LINEAR,ldfct=LINEAR,nAt=1.0,nBt=0.0,nAd=1.1,nBd=0.0,lAt=1.5,lBt=0.0,lAd=1.5,lBd=0.0,st=[NEAR_FIRST]],  ({})
2019-03-20 22:36:42 INFO  Solver:102 - H2018Solver END, score : 50000.  (Conf[ttfc=2.0,ntfct=EXP,ltfct=INV,ndfct=LINEAR,ldfct=LINEAR,nAt=1.0,nBt=0.0,nAd=1.1,nBd=0.0,lAt=1.5,lBt=0.0,lAd=1.5,lBd=0.0,st=[NEAR_FIRST]])
2019-03-20 22:36:42 INFO  Solver:95 - --Solve End (H2018Solver). Total Time : 0.265s --
2019-03-20 22:36:45 INFO  Solver:102 - Solve Thread pool-11-thread-1 started
2019-03-20 22:36:45 INFO  Solver:45 - H2018Solver START : 2 cars, 10000 rides, 150000 turns Conf[ttfc=2.0,ntfct=EXP,ltfct=INV,ndfct=LINEAR,ldfct=LINEAR,nAt=1.0,nBt=0.0,nAd=1.1,nBd=0.0,lAt=1.5,lBt=0.0,lAd=1.5,lBd=0.0,st=[NEAR_FIRST]],  ({})
2019-03-20 22:36:46 INFO  Solver:102 - H2018Solver END, score : 150000.  (Conf[ttfc=2.0,ntfct=EXP,ltfct=INV,ndfct=LINEAR,ldfct=LINEAR,nAt=1.0,nBt=0.0,nAd=1.1,nBd=0.0,lAt=1.5,lBt=0.0,lAd=1.5,lBd=0.0,st=[NEAR_FIRST]])
2019-03-20 22:36:46 INFO  Solver:95 - --Solve End (H2018Solver). Total Time : 0.598s --
2019-03-20 22:36:49 INFO  Solver:102 - Solve Thread pool-12-thread-1 started
2019-03-20 22:36:49 INFO  Solver:45 - H2018Solver START : 2 cars, 3 rides, 10 turns Conf[ttfc=2.0,ntfct=EXP,ltfct=INV,ndfct=LINEAR,ldfct=LINEAR,nAt=1.0,nBt=0.0,nAd=1.1,nBd=0.0,lAt=1.5,lBt=0.0,lAd=1.5,lBd=0.0,st=[NEAR_FIRST, QUICK_FIRST]],  ({})
2019-03-20 22:36:49 INFO  Solver:102 - H2018Solver END, score : 4.  (Conf[ttfc=2.0,ntfct=EXP,ltfct=INV,ndfct=LINEAR,ldfct=LINEAR,nAt=1.0,nBt=0.0,nAd=1.1,nBd=0.0,lAt=1.5,lBt=0.0,lAd=1.5,lBd=0.0,st=[NEAR_FIRST, QUICK_FIRST]])
2019-03-20 22:36:49 INFO  Solver:95 - --Solve End (H2018Solver). Total Time : 0.031s --
2019-03-20 22:36:52 INFO  Solver:102 - Solve Thread pool-13-thread-1 started
2019-03-20 22:36:52 INFO  Solver:45 - H2018Solver START : 2 cars, 300 rides, 25000 turns Conf[ttfc=2.0,ntfct=EXP,ltfct=INV,ndfct=LINEAR,ldfct=LINEAR,nAt=1.0,nBt=0.0,nAd=1.1,nBd=0.0,lAt=1.5,lBt=0.0,lAd=1.5,lBd=0.0,st=[NEAR_FIRST, QUICK_FIRST]],  ({})
2019-03-20 22:36:52 INFO  Solver:102 - H2018Solver END, score : 25000.  (Conf[ttfc=2.0,ntfct=EXP,ltfct=INV,ndfct=LINEAR,ldfct=LINEAR,nAt=1.0,nBt=0.0,nAd=1.1,nBd=0.0,lAt=1.5,lBt=0.0,lAd=1.5,lBd=0.0,st=[NEAR_FIRST, QUICK_FIRST]])
2019-03-20 22:36:52 INFO  Solver:95 - --Solve End (H2018Solver). Total Time : 0.062s --
2019-03-20 22:36:55 INFO  Solver:102 - Solve Thread pool-14-thread-1 started
2019-03-20 22:36:55 INFO  Solver:45 - H2018Solver START : 2 cars, 10000 rides, 200000 turns Conf[ttfc=2.0,ntfct=EXP,ltfct=INV,ndfct=LINEAR,ldfct=LINEAR,nAt=1.0,nBt=0.0,nAd=1.1,nBd=0.0,lAt=1.5,lBt=0.0,lAd=1.5,lBd=0.0,st=[NEAR_FIRST, QUICK_FIRST]],  ({})
2019-03-20 22:36:56 INFO  Solver:102 - H2018Solver END, score : 200000.  (Conf[ttfc=2.0,ntfct=EXP,ltfct=INV,ndfct=LINEAR,ldfct=LINEAR,nAt=1.0,nBt=0.0,nAd=1.1,nBd=0.0,lAt=1.5,lBt=0.0,lAd=1.5,lBd=0.0,st=[NEAR_FIRST, QUICK_FIRST]])
2019-03-20 22:36:56 INFO  Solver:95 - --Solve End (H2018Solver). Total Time : 0.626s --
2019-03-20 22:36:59 INFO  Solver:102 - Solve Thread pool-15-thread-1 started
2019-03-20 22:36:59 INFO  Solver:45 - H2018Solver START : 2 cars, 10000 rides, 50000 turns Conf[ttfc=2.0,ntfct=EXP,ltfct=INV,ndfct=LINEAR,ldfct=LINEAR,nAt=1.0,nBt=0.0,nAd=1.1,nBd=0.0,lAt=1.5,lBt=0.0,lAd=1.5,lBd=0.0,st=[NEAR_FIRST, QUICK_FIRST]],  ({})
2019-03-20 22:36:59 INFO  Solver:102 - H2018Solver END, score : 50000.  (Conf[ttfc=2.0,ntfct=EXP,ltfct=INV,ndfct=LINEAR,ldfct=LINEAR,nAt=1.0,nBt=0.0,nAd=1.1,nBd=0.0,lAt=1.5,lBt=0.0,lAd=1.5,lBd=0.0,st=[NEAR_FIRST, QUICK_FIRST]])
2019-03-20 22:36:59 INFO  Solver:95 - --Solve End (H2018Solver). Total Time : 0.281s --
2019-03-20 22:37:02 INFO  Solver:102 - Solve Thread pool-16-thread-1 started
2019-03-20 22:37:02 INFO  Solver:45 - H2018Solver START : 2 cars, 10000 rides, 150000 turns Conf[ttfc=2.0,ntfct=EXP,ltfct=INV,ndfct=LINEAR,ldfct=LINEAR,nAt=1.0,nBt=0.0,nAd=1.1,nBd=0.0,lAt=1.5,lBt=0.0,lAd=1.5,lBd=0.0,st=[NEAR_FIRST, QUICK_FIRST]],  ({})
2019-03-20 22:37:03 INFO  Solver:102 - H2018Solver END, score : 150000.  (Conf[ttfc=2.0,ntfct=EXP,ltfct=INV,ndfct=LINEAR,ldfct=LINEAR,nAt=1.0,nBt=0.0,nAd=1.1,nBd=0.0,lAt=1.5,lBt=0.0,lAd=1.5,lBd=0.0,st=[NEAR_FIRST, QUICK_FIRST]])
2019-03-20 22:37:03 INFO  Solver:95 - --Solve End (H2018Solver). Total Time : 0.687s --
2019-03-20 22:37:06 INFO  Solver:102 - Solve Thread pool-17-thread-1 started
2019-03-20 22:37:06 INFO  Solver:45 - H2018Solver START : 2 cars, 3 rides, 10 turns Conf[ttfc=2.0,ntfct=EXP,ltfct=INV,ndfct=LINEAR,ldfct=LINEAR,nAt=1.0,nBt=0.0,nAd=1.1,nBd=0.0,lAt=1.5,lBt=0.0,lAd=1.5,lBd=0.0,st=[LONG_FIRST]],  ({})
2019-03-20 22:37:06 INFO  Solver:102 - H2018Solver END, score : 3.  (Conf[ttfc=2.0,ntfct=EXP,ltfct=INV,ndfct=LINEAR,ldfct=LINEAR,nAt=1.0,nBt=0.0,nAd=1.1,nBd=0.0,lAt=1.5,lBt=0.0,lAd=1.5,lBd=0.0,st=[LONG_FIRST]])
2019-03-20 22:37:06 INFO  Solver:95 - --Solve End (H2018Solver). Total Time : 0.032s --
2019-03-20 22:37:09 INFO  Solver:102 - Solve Thread pool-18-thread-1 started
2019-03-20 22:37:09 INFO  Solver:45 - H2018Solver START : 2 cars, 300 rides, 25000 turns Conf[ttfc=2.0,ntfct=EXP,ltfct=INV,ndfct=LINEAR,ldfct=LINEAR,nAt=1.0,nBt=0.0,nAd=1.1,nBd=0.0,lAt=1.5,lBt=0.0,lAd=1.5,lBd=0.0,st=[LONG_FIRST]],  ({})
2019-03-20 22:37:09 INFO  Solver:102 - H2018Solver END, score : 25000.  (Conf[ttfc=2.0,ntfct=EXP,ltfct=INV,ndfct=LINEAR,ldfct=LINEAR,nAt=1.0,nBt=0.0,nAd=1.1,nBd=0.0,lAt=1.5,lBt=0.0,lAd=1.5,lBd=0.0,st=[LONG_FIRST]])
2019-03-20 22:37:09 INFO  Solver:95 - --Solve End (H2018Solver). Total Time : 0.063s --
2019-03-20 22:37:12 INFO  Solver:102 - Solve Thread pool-19-thread-1 started
2019-03-20 22:37:12 INFO  Solver:45 - H2018Solver START : 2 cars, 10000 rides, 200000 turns Conf[ttfc=2.0,ntfct=EXP,ltfct=INV,ndfct=LINEAR,ldfct=LINEAR,nAt=1.0,nBt=0.0,nAd=1.1,nBd=0.0,lAt=1.5,lBt=0.0,lAd=1.5,lBd=0.0,st=[LONG_FIRST]],  ({})
2019-03-20 22:37:12 INFO  Solver:102 - H2018Solver END, score : 200000.  (Conf[ttfc=2.0,ntfct=EXP,ltfct=INV,ndfct=LINEAR,ldfct=LINEAR,nAt=1.0,nBt=0.0,nAd=1.1,nBd=0.0,lAt=1.5,lBt=0.0,lAd=1.5,lBd=0.0,st=[LONG_FIRST]])
2019-03-20 22:37:12 INFO  Solver:95 - --Solve End (H2018Solver). Total Time : 0.515s --
2019-03-20 22:37:15 INFO  Solver:102 - Solve Thread pool-20-thread-1 started
2019-03-20 22:37:15 INFO  Solver:45 - H2018Solver START : 2 cars, 10000 rides, 50000 turns Conf[ttfc=2.0,ntfct=EXP,ltfct=INV,ndfct=LINEAR,ldfct=LINEAR,nAt=1.0,nBt=0.0,nAd=1.1,nBd=0.0,lAt=1.5,lBt=0.0,lAd=1.5,lBd=0.0,st=[LONG_FIRST]],  ({})
2019-03-20 22:37:15 INFO  Solver:102 - H2018Solver END, score : 50000.  (Conf[ttfc=2.0,ntfct=EXP,ltfct=INV,ndfct=LINEAR,ldfct=LINEAR,nAt=1.0,nBt=0.0,nAd=1.1,nBd=0.0,lAt=1.5,lBt=0.0,lAd=1.5,lBd=0.0,st=[LONG_FIRST]])
2019-03-20 22:37:15 INFO  Solver:95 - --Solve End (H2018Solver). Total Time : 0.078s --
2019-03-20 22:37:18 INFO  Solver:102 - Solve Thread pool-21-thread-1 started
2019-03-20 22:37:18 INFO  Solver:45 - H2018Solver START : 2 cars, 10000 rides, 150000 turns Conf[ttfc=2.0,ntfct=EXP,ltfct=INV,ndfct=LINEAR,ldfct=LINEAR,nAt=1.0,nBt=0.0,nAd=1.1,nBd=0.0,lAt=1.5,lBt=0.0,lAd=1.5,lBd=0.0,st=[LONG_FIRST]],  ({})
2019-03-20 22:37:19 INFO  Solver:102 - H2018Solver END, score : 150000.  (Conf[ttfc=2.0,ntfct=EXP,ltfct=INV,ndfct=LINEAR,ldfct=LINEAR,nAt=1.0,nBt=0.0,nAd=1.1,nBd=0.0,lAt=1.5,lBt=0.0,lAd=1.5,lBd=0.0,st=[LONG_FIRST]])
2019-03-20 22:37:19 INFO  Solver:95 - --Solve End (H2018Solver). Total Time : 0.39s --
2019-03-20 22:37:22 INFO  Solver:102 - Solve Thread pool-22-thread-1 started
2019-03-20 22:37:22 INFO  Solver:45 - H2018Solver START : 2 cars, 3 rides, 10 turns Conf[ttfc=2.0,ntfct=EXP,ltfct=INV,ndfct=LINEAR,ldfct=LINEAR,nAt=1.0,nBt=0.0,nAd=1.1,nBd=0.0,lAt=1.5,lBt=0.0,lAd=1.5,lBd=0.0,st=[LONG_FIRST, QUICK_FIRST]],  ({})
2019-03-20 22:37:22 INFO  Solver:102 - H2018Solver END, score : 3.  (Conf[ttfc=2.0,ntfct=EXP,ltfct=INV,ndfct=LINEAR,ldfct=LINEAR,nAt=1.0,nBt=0.0,nAd=1.1,nBd=0.0,lAt=1.5,lBt=0.0,lAd=1.5,lBd=0.0,st=[LONG_FIRST, QUICK_FIRST]])
2019-03-20 22:37:22 INFO  Solver:95 - --Solve End (H2018Solver). Total Time : 0.031s --
2019-03-20 22:37:25 INFO  Solver:102 - Solve Thread pool-23-thread-1 started
2019-03-20 22:37:25 INFO  Solver:45 - H2018Solver START : 2 cars, 300 rides, 25000 turns Conf[ttfc=2.0,ntfct=EXP,ltfct=INV,ndfct=LINEAR,ldfct=LINEAR,nAt=1.0,nBt=0.0,nAd=1.1,nBd=0.0,lAt=1.5,lBt=0.0,lAd=1.5,lBd=0.0,st=[LONG_FIRST, QUICK_FIRST]],  ({})
2019-03-20 22:37:25 INFO  Solver:102 - H2018Solver END, score : 25000.  (Conf[ttfc=2.0,ntfct=EXP,ltfct=INV,ndfct=LINEAR,ldfct=LINEAR,nAt=1.0,nBt=0.0,nAd=1.1,nBd=0.0,lAt=1.5,lBt=0.0,lAd=1.5,lBd=0.0,st=[LONG_FIRST, QUICK_FIRST]])
2019-03-20 22:37:25 INFO  Solver:95 - --Solve End (H2018Solver). Total Time : 0.063s --
2019-03-20 22:37:28 INFO  Solver:102 - Solve Thread pool-24-thread-1 started
2019-03-20 22:37:28 INFO  Solver:45 - H2018Solver START : 2 cars, 10000 rides, 200000 turns Conf[ttfc=2.0,ntfct=EXP,ltfct=INV,ndfct=LINEAR,ldfct=LINEAR,nAt=1.0,nBt=0.0,nAd=1.1,nBd=0.0,lAt=1.5,lBt=0.0,lAd=1.5,lBd=0.0,st=[LONG_FIRST, QUICK_FIRST]],  ({})
2019-03-20 22:37:29 INFO  Solver:102 - H2018Solver END, score : 200000.  (Conf[ttfc=2.0,ntfct=EXP,ltfct=INV,ndfct=LINEAR,ldfct=LINEAR,nAt=1.0,nBt=0.0,nAd=1.1,nBd=0.0,lAt=1.5,lBt=0.0,lAd=1.5,lBd=0.0,st=[LONG_FIRST, QUICK_FIRST]])
2019-03-20 22:37:29 INFO  Solver:95 - --Solve End (H2018Solver). Total Time : 0.589s --
2019-03-20 22:37:32 INFO  Solver:102 - Solve Thread pool-25-thread-1 started
2019-03-20 22:37:32 INFO  Solver:45 - H2018Solver START : 2 cars, 10000 rides, 50000 turns Conf[ttfc=2.0,ntfct=EXP,ltfct=INV,ndfct=LINEAR,ldfct=LINEAR,nAt=1.0,nBt=0.0,nAd=1.1,nBd=0.0,lAt=1.5,lBt=0.0,lAd=1.5,lBd=0.0,st=[LONG_FIRST, QUICK_FIRST]],  ({})
2019-03-20 22:37:32 INFO  Solver:102 - H2018Solver END, score : 50000.  (Conf[ttfc=2.0,ntfct=EXP,ltfct=INV,ndfct=LINEAR,ldfct=LINEAR,nAt=1.0,nBt=0.0,nAd=1.1,nBd=0.0,lAt=1.5,lBt=0.0,lAd=1.5,lBd=0.0,st=[LONG_FIRST, QUICK_FIRST]])
2019-03-20 22:37:32 INFO  Solver:95 - --Solve End (H2018Solver). Total Time : 0.047s --
